<?xml version="1.0" encoding="UTF-8"?>
<!-- Generated by org.testng.reporters.JUnitReportReporter -->
<testsuite skipped="0" hostname="DESKTOP-60RN2DI" name="DemoControllerTest" tests="6" failures="0" timestamp="04 Jul 2018 00:56:52 GMT" time="0.045" errors="0">
  <testcase name="testIndexpost" time="0.012" classname="DemoControllerTest"/>
  <testcase name="testIndexpost" time="0.012" classname="DemoControllerTest"/>
  <testcase name="testIndexpost" time="0.013" classname="DemoControllerTest"/>
  <testcase name="testIndexget" time="0.002" classname="DemoControllerTest"/>
  <testcase name="testIndexget" time="0.003" classname="DemoControllerTest"/>
  <testcase name="testIndexget" time="0.003" classname="DemoControllerTest"/>
</testsuite> <!-- DemoControllerTest -->
