<?xml version="1.0" encoding="UTF-8"?>
<!-- Generated by org.testng.reporters.JUnitReportReporter -->
<testsuite skipped="0" hostname="DESKTOP-60RN2DI" name="DataSourceControllerTest" tests="1" failures="0" timestamp="04 Jul 2018 00:56:52 GMT" time="0.040" errors="0">
  <testcase name="testAddnew" time="0.040" classname="DataSourceControllerTest"/>
</testsuite> <!-- DataSourceControllerTest -->
